\BOOKMARK [0][-]{chapter*.2}{\376\377\000O\000B\000J\000E\000T\000I\000V\000O\000S\000\040\000Y\000\040\000E\000S\000T\000I\000L\000O\000\040\000D\000E\000L\000\040\000D\000O\000C\000U\000M\000E\000N\000T\000O}{}% 1
\BOOKMARK [1][-]{section*.3}{\376\377\000E\000j\000e\000m\000p\000l\000o\000\040\000d\000e\000\040\000o\000p\000e\000r\000a\000c\000i\000o\000n\000e\000s\000\040\000a\000r\000i\000t\000m\000e\000t\000i\000c\000a\000s}{chapter*.2}% 2
\BOOKMARK [1][-]{section.0.1}{\376\377\000O\000p\000e\000r\000a\000c\000i\000o\000n\000e\000s\000\040\000d\000e\000\040\000r\000e\000p\000r\000e\000s\000e\000n\000t\000a\000c\000i\000o\000n\000e\000s\000\040\000g\000r\000\341\000f\000i\000c\000a\000s}{chapter*.2}% 3
\BOOKMARK [1][-]{section.0.2}{\376\377\000O\000p\000e\000r\000a\000c\000i\000o\000n\000e\000s\000\040\000P\000r\000o\000b\000a\000b\000i\000l\000i\000s\000t\000i\000c\000a\000s\000\040\000y\000\040\000E\000s\000t\000a\000d\000\355\000s\000t\000i\000c\000a\000s}{chapter*.2}% 4
\BOOKMARK [1][-]{section*.4}{\376\377\000O\000r\000g\000a\000n\000i\000z\000a\000c\000i\000\363\000n\000\040\000d\000e\000l\000\040\000d\000o\000c\000u\000m\000e\000n\000t\000o}{chapter*.2}% 5
\BOOKMARK [0][-]{chapter.1}{\376\377\000O\000P\000E\000R\000A\000C\000I\000O\000N\000E\000S\000\040\000D\000E\000\040\000A\000N\000\301\000L\000I\000S\000I\000S\000\040\000E\000X\000P\000L\000O\000R\000A\000T\000O\000R\000I\000O\000\040\000Y\000\040\000D\000E\000\040\000R\000E\000S\000U\000M\000E\000N\000\040\000D\000E\000\040\000D\000A\000T\000O\000S}{}% 6
\BOOKMARK [1][-]{section.1.1}{\376\377\000C\000o\000n\000c\000e\000p\000t\000o\000s\000\040\000e\000l\000e\000m\000e\000n\000t\000a\000l\000e\000s}{chapter.1}% 7
\BOOKMARK [1][-]{section.1.2}{\376\377\000V\000a\000r\000i\000a\000b\000l\000e\000s\000\040\000o\000b\000s\000e\000r\000v\000a\000d\000a\000s\000\040\000e\000n\000\040\000e\000x\000p\000e\000r\000i\000m\000e\000n\000t\000o\000s}{chapter.1}% 8
\BOOKMARK [1][-]{section.1.3}{\376\377\000A\000g\000r\000u\000p\000a\000m\000i\000e\000n\000t\000o\000\040\000d\000e\000\040\000v\000a\000r\000i\000a\000b\000l\000e\000s}{chapter.1}% 9
\BOOKMARK [1][-]{section.1.4}{\376\377\000O\000p\000e\000r\000a\000c\000i\000\363\000n\000\040\000d\000e\000\040\000a\000n\000\341\000l\000i\000s\000i\000s\000\040\000e\000x\000p\000l\000o\000r\000a\000t\000o\000r\000i\000o\000\040\000d\000e\000\040\000d\000a\000t\000o\000s}{chapter.1}% 10
\BOOKMARK [1][-]{section.1.5}{\376\377\000O\000p\000e\000r\000a\000c\000i\000\363\000n\000\040\000d\000e\000\040\000r\000e\000s\000u\000m\000e\000n\000\040\000d\000e\000\040\000d\000a\000t\000o\000s\000\040\000u\000n\000i\000v\000a\000r\000i\000a\000d\000o\000s}{chapter.1}% 11
\BOOKMARK [1][-]{section.1.6}{\376\377\000O\000p\000e\000r\000a\000c\000i\000\363\000n\000\040\000d\000e\000\040\000r\000e\000s\000u\000m\000e\000n\000\040\000d\000e\000\040\000d\000a\000t\000o\000s\000\040\000b\000i\000v\000a\000r\000i\000a\000d\000o\000s}{chapter.1}% 12
\BOOKMARK [1][-]{section.1.7}{\376\377\000G\000r\000\341\000f\000i\000c\000o\000s\000\040\000d\000e\000\040\000d\000i\000s\000p\000e\000r\000s\000i\000\363\000n}{chapter.1}% 13
\BOOKMARK [1][-]{section.1.8}{\376\377\000M\000e\000d\000i\000d\000a\000s\000\040\000d\000e\000\040\000a\000s\000o\000c\000i\000a\000c\000i\000\363\000n\000\040\000e\000n\000t\000r\000e\000\040\000d\000o\000s\000\040\000v\000a\000r\000i\000a\000b\000l\000e\000s}{chapter.1}% 14
\BOOKMARK [1][-]{section.1.9}{\376\377\000R\000e\000c\000t\000a\000\040\000m\000e\000d\000i\000a\000\040\000e\000s\000t\000i\000m\000a\000d\000a}{chapter.1}% 15
\BOOKMARK [1][-]{section.1.10}{\376\377\000D\000i\000a\000g\000n\000o\000s\000t\000i\000c\000o\000\040\000d\000e\000\040\000l\000a\000\040\000r\000e\000c\000t\000a\000\040\000l\000i\000n\000e\000a\000l}{chapter.1}% 16
\BOOKMARK [1][-]{section.1.11}{\376\377\000A\000n\000\341\000l\000i\000s\000i\000s\000\040\000d\000e\000\040\000a\000s\000o\000c\000i\000a\000c\000i\000\363\000n\000\040\000e\000n\000t\000r\000e\000\040\000v\000a\000r\000i\000a\000b\000l\000e\000s\000\040\000c\000a\000t\000e\000g\000\363\000r\000i\000c\000a\000s}{chapter.1}% 17
\BOOKMARK [1][-]{section.1.12}{\376\377\000E\000j\000e\000r\000c\000i\000c\000i\000o\000s}{chapter.1}% 18
\BOOKMARK [0][-]{chapter.2}{\376\377\000O\000P\000E\000R\000A\000C\000I\000O\000N\000E\000S\000\040\000D\000E\000\040\000C\000\301\000L\000C\000U\000L\000O\000\040\000D\000E\000\040\000P\000R\000O\000B\000A\000B\000I\000L\000I\000D\000A\000D\000E\000S}{}% 19
\BOOKMARK [1][-]{section.2.1}{\376\377\000O\000p\000e\000r\000a\000c\000i\000o\000n\000e\000s\000\040\000c\000o\000n\000\040\000e\000v\000e\000n\000t\000o\000s\000\040\000p\000o\000s\000i\000b\000l\000e\000s\000\040\000d\000e\000\040\000e\000x\000p\000e\000r\000i\000m\000e\000n\000t\000o\000s}{chapter.2}% 20
\BOOKMARK [1][-]{section.2.2}{\376\377\000M\000e\000d\000i\000d\000a\000\040\000d\000e\000\040\000p\000r\000o\000b\000a\000b\000i\000l\000i\000d\000a\000d\000\040\000y\000\040\000e\000x\000p\000e\000r\000i\000m\000e\000n\000t\000o\000s\000\040\000a\000l\000e\000a\000t\000o\000r\000i\000o\000s}{chapter.2}% 21
\BOOKMARK [1][-]{section.2.3}{\376\377\000P\000r\000o\000p\000i\000e\000d\000a\000d\000e\000s\000\040\000b\000\341\000s\000i\000c\000a\000s\000\040\000d\000e\000\040\000l\000a\000\040\000m\000e\000d\000i\000d\000a\000\040\000d\000e\000\040\000p\000r\000o\000b\000a\000b\000i\000l\000i\000d\000a\000d}{chapter.2}% 22
\BOOKMARK [1][-]{section.2.4}{\376\377\000R\000e\000s\000u\000l\000t\000a\000d\000o\000s\000\040\000b\000\341\000s\000i\000c\000o\000s\000\040\000d\000e\000\040\000c\000o\000m\000b\000i\000n\000a\000t\000o\000r\000i\000a}{chapter.2}% 23
\BOOKMARK [0][-]{chapter.3}{\376\377\000V\000A\000R\000I\000A\000B\000L\000E\000S\000\040\000A\000L\000E\000A\000T\000O\000R\000I\000A\000S\000\040\000Y\000\040\000S\000U\000S\000\040\000D\000I\000S\000T\000R\000I\000B\000U\000C\000I\000O\000N\000E\000S}{}% 24
\BOOKMARK [1][-]{section.3.1}{\376\377\000E\000l\000e\000m\000e\000n\000t\000o\000s\000\040\000b\000\341\000s\000i\000c\000o\000s}{chapter.3}% 25
\BOOKMARK [1][-]{section.3.2}{\376\377\000D\000i\000s\000t\000r\000i\000b\000u\000c\000i\000o\000n\000e\000s\000\040\000d\000e\000\040\000p\000r\000o\000b\000a\000b\000i\000l\000i\000d\000a\000d\000\040\000d\000e\000\040\000v\000a\000r\000i\000a\000b\000l\000e\000s\000\040\000a\000l\000e\000a\000t\000o\000r\000i\000a\000s\000\040\000d\000i\000s\000c\000r\000e\000t\000a}{chapter.3}% 26
\BOOKMARK [1][-]{section.3.3}{\376\377\000D\000i\000s\000t\000r\000i\000b\000u\000c\000i\000o\000n\000e\000s\000\040\000d\000e\000\040\000p\000r\000o\000b\000a\000b\000i\000l\000i\000d\000a\000d\000\040\000d\000e\000\040\000v\000a\000r\000i\000a\000b\000l\000e\000s\000\040\000a\000l\000e\000a\000t\000o\000r\000i\000a\000s\000\040\000c\000o\000n\000t\000i\000n\000u\000a\000s\000.}{chapter.3}% 27
\BOOKMARK [0][-]{chapter.4}{\376\377\000D\000I\000S\000T\000R\000I\000B\000U\000C\000I\000O\000N\000E\000S\000\040\000B\000I\000D\000E\000M\000E\000N\000S\000I\000O\000N\000A\000L\000E\000S}{}% 28
\BOOKMARK [1][-]{section.4.1}{\376\377\000U\000n\000o}{chapter.4}% 29
\BOOKMARK [1][-]{section.4.2}{\376\377\000D\000o\000s}{chapter.4}% 30
\BOOKMARK [0][-]{chapter.5}{\376\377\000V\000A\000L\000O\000R\000\040\000E\000S\000P\000E\000R\000A\000D\000O}{}% 31
\BOOKMARK [1][-]{section.5.1}{\376\377\000V\000a\000l\000o\000r\000\040\000e\000s\000p\000e\000r\000a\000d\000o\000\040\000d\000e\000\040\000m\000o\000d\000e\000l\000o\000s\000\040\000d\000i\000s\000c\000r\000e\000t\000o\000s}{chapter.5}% 32
\BOOKMARK [1][-]{section.5.2}{\376\377\000V\000a\000l\000o\000r\000\040\000e\000s\000p\000e\000r\000a\000d\000o\000\040\000d\000e\000\040\000m\000o\000d\000e\000l\000o\000s\000\040\000d\000i\000s\000c\000r\000e\000t\000o\000s}{chapter.5}% 33
\BOOKMARK [0][-]{chapter.6}{\376\377\000R\000e\000s\000u\000l\000t\000a\000d\000o\000s\000\040\000a\000s\000i\000n\000t\000\363\000t\000i\000c\000o\000s\000.}{}% 34
\BOOKMARK [0][-]{chapter.7}{\376\377\000V\000a\000r\000i\000a\000b\000l\000e\000s\000\040\000a\000l\000e\000a\000t\000o\000r\000i\000a\000s\000\040\000f\000u\000n\000c\000i\000o\000n\000e\000s\000\040\000d\000e\000\040\000u\000n\000a\000\040\000m\000u\000e\000s\000t\000r\000a\000\040\000a\000l\000e\000a\000t\000o\000r\000i\000a}{}% 35
\BOOKMARK [1][-]{section.7.1}{\376\377\000E\000j\000e\000m\000p\000l\000o\000s\000\040\000d\000e\000\040\000f\000u\000n\000c\000i\000o\000n\000e\000s\000\040\000d\000e\000\040\000u\000n\000a\000\040\000m\000u\000e\000s\000t\000r\000a\000\040\000a\000l\000e\000a\000t\000o\000r\000i\000a}{chapter.7}% 36
\BOOKMARK [1][-]{section.7.2}{\376\377\000V\000a\000r\000i\000a\000b\000l\000e\000s\000\040\000a\000l\000e\000a\000t\000o\000r\000i\000a\000s\000\040\000f\000u\000n\000c\000i\000o\000n\000e\000s\000\040\000d\000e\000\040\000u\000n\000a\000\040\000m\000u\000e\000s\000t\000r\000a\000\040\000a\000l\000e\000a\000t\000o\000r\000i\000a\000\040\000n\000o\000r\000m\000a\000l}{chapter.7}% 37
\BOOKMARK [0][-]{chapter.8}{\376\377\000E\000s\000t\000i\000m\000a\000d\000o\000r\000e\000s\000\040\000P\000u\000n\000t\000u\000a\000l\000e\000s}{}% 38
\BOOKMARK [1][-]{section.8.1}{\376\377\000M\000o\000d\000e\000l\000o\000\040\000e\000s\000t\000a\000d\000\355\000s\000t\000i\000c\000o\000\040\000p\000a\000r\000a\000\040\000u\000n\000a\000\040\000m\000u\000e\000s\000t\000r\000a\000\040\000y\000\040\000s\000u\000s\000\040\000p\000a\000r\000\341\000m\000e\000t\000r\000o\000s}{chapter.8}% 39
\BOOKMARK [0][-]{chapter.9}{\376\377\000E\000S\000T\000I\000M\000A\000D\000O\000R\000E\000S\000\040\000I\000N\000T\000E\000R\000V\000A\000L\000A\000R\000E\000S}{}% 40
\BOOKMARK [1][-]{section.9.1}{\376\377\000E\000s\000t\000a\000d\000\355\000s\000t\000i\000c\000o\000s\000\040\000a\000n\000c\000i\000l\000a\000r\000e\000s}{chapter.9}% 41
\BOOKMARK [1][-]{section.9.2}{\376\377\000I\000n\000t\000e\000r\000v\000a\000l\000o\000s\000\040\000d\000e\000\040\000c\000o\000n\000f\000i\000a\000n\000z\000a\000\040\000b\000a\000s\000a\000d\000o\000s\000\040\000e\000n\000\040\000e\000s\000t\000a\000d\000i\000s\000t\000i\000c\000o\000s\000\040\000a\000n\000c\000i\000l\000a\000r\000e\000s}{chapter.9}% 42
\BOOKMARK [1][-]{section.9.3}{\376\377\000T\000a\000m\000a\000\361\000o\000\040\000m\000u\000e\000s\000t\000r\000a\000l}{chapter.9}% 43
\BOOKMARK [1][-]{section.9.4}{\376\377\000I\000n\000t\000e\000r\000v\000a\000l\000o\000s\000\040\000d\000e\000\040\000c\000o\000n\000f\000i\000a\000n\000z\000a\000\040\000a\000s\000i\000n\000t\000\363\000t\000i\000c\000o\000s}{chapter.9}% 44
\BOOKMARK [1][-]{section.9.5}{\376\377\000E\000j\000e\000r\000c\000i\000c\000i\000o\000s}{chapter.9}% 45
\BOOKMARK [0][-]{chapter.10}{\376\377\000P\000R\000U\000E\000B\000A\000/\000\040\000C\000O\000N\000T\000R\000A\000S\000T\000E\000\040\000D\000E\000\040\000H\000I\000P\000\323\000T\000E\000S\000I\000S}{}% 46
\BOOKMARK [1][-]{section.10.1}{\376\377\000E\000l\000e\000m\000e\000n\000t\000o\000s\000\040\000e\000n\000\040\000c\000o\000n\000t\000r\000a\000s\000t\000e\000\040\000d\000e\000\040\000h\000i\000p\000\363\000t\000e\000s\000i\000s\000.}{chapter.10}% 47
\BOOKMARK [1][-]{section.10.2}{\376\377\000T\000i\000p\000o\000\040\000d\000e\000\040\000p\000r\000u\000e\000b\000a\000\040\000d\000e\000\040\000h\000i\000p\000\363\000t\000e\000s\000i\000s}{chapter.10}% 48
\BOOKMARK [1][-]{section.10.3}{\376\377\000R\000e\000g\000i\000\363\000n\000\040\000c\000r\000i\000t\000i\000c\000a\000\040\000y\000\040\000p\000-\000v\000a\000l\000o\000r}{chapter.10}% 49
\BOOKMARK [1][-]{section.10.4}{\376\377\000T\000i\000p\000o\000\040\000d\000e\000\040\000e\000r\000r\000o\000r\000e\000s\000\040\000y\000\040\000s\000u\000s\000\040\000t\000a\000m\000a\000\361\000o\000s}{chapter.10}% 50
\BOOKMARK [0][-]{chapter.11}{\376\377\000R\000e\000g\000r\000e\000s\000i\000\363\000n\000\040\000l\000i\000n\000e\000a\000l}{}% 51
\BOOKMARK [0][-]{chapter.12}{\376\377\000A\000N\000O\000V\000A\000\040\000d\000e\000\040\000u\000n\000\040\000f\000a\000c\000t\000o\000r\000.}{}% 52
\BOOKMARK [0][-]{chapter*.5}{\376\377\000A\000p\000e\000n\000d\000i\000c\000e\000s\000:\000\040\000a\000l\000g\000o\000r\000i\000t\000m\000o\000s\000,\000\040\000f\000\363\000r\000m\000u\000l\000a\000s\000\040\000y\000\040\000d\000e\000m\000o\000s\000t\000r\000a\000c\000i\000o\000n\000e\000s\000s}{}% 53
\BOOKMARK [1][-]{section.12.1}{\376\377\000H\000o\000l\000a}{chapter*.5}% 54
\BOOKMARK [0][-]{chapter*.6}{\376\377\000R\000e\000f\000e\000r\000e\000n\000c\000i\000a\000s}{}% 55
